{"C:\\Users\\USER\\text-analyzer-tool\\src\\utils\\analyze-util-services.ts": {"path":"C:\\Users\\USER\\text-analyzer-tool\\src\\utils\\analyze-util-services.ts","statementMap":{"0":{"start":{"line":2,"column":16},"end":{"line":2,"column":45}},"1":{"start":{"line":3,"column":2},"end":{"line":3,"column":34}},"2":{"start":{"line":7,"column":4},"end":{"line":7,"column":52}},"3":{"start":{"line":11,"column":4},"end":{"line":11,"column":61}},"4":{"start":{"line":11,"column":44},"end":{"line":11,"column":52}},"5":{"start":{"line":15,"column":4},"end":{"line":15,"column":58}},"6":{"start":{"line":15,"column":41},"end":{"line":15,"column":49}},"7":{"start":{"line":19,"column":4},"end":{"line":21,"column":6}},"8":{"start":{"line":20,"column":6},"end":{"line":20,"column":51}}},"fnMap":{"0":{"name":"countWords","decl":{"start":{"line":1,"column":16},"end":{"line":1,"column":26}},"loc":{"start":{"line":1,"column":49},"end":{"line":4,"column":1}},"line":1},"1":{"name":"countCharacters","decl":{"start":{"line":6,"column":18},"end":{"line":6,"column":33}},"loc":{"start":{"line":6,"column":56},"end":{"line":8,"column":3}},"line":6},"2":{"name":"countSentences","decl":{"start":{"line":10,"column":18},"end":{"line":10,"column":32}},"loc":{"start":{"line":10,"column":55},"end":{"line":12,"column":3}},"line":10},"3":{"name":"(anonymous_3)","decl":{"start":{"line":11,"column":39},"end":{"line":11,"column":40}},"loc":{"start":{"line":11,"column":44},"end":{"line":11,"column":52}},"line":11},"4":{"name":"countParagraphs","decl":{"start":{"line":14,"column":18},"end":{"line":14,"column":33}},"loc":{"start":{"line":14,"column":56},"end":{"line":16,"column":3}},"line":14},"5":{"name":"(anonymous_5)","decl":{"start":{"line":15,"column":36},"end":{"line":15,"column":37}},"loc":{"start":{"line":15,"column":41},"end":{"line":15,"column":49}},"line":15},"6":{"name":"findLongestWord","decl":{"start":{"line":18,"column":18},"end":{"line":18,"column":33}},"loc":{"start":{"line":18,"column":56},"end":{"line":22,"column":3}},"line":18},"7":{"name":"(anonymous_7)","decl":{"start":{"line":19,"column":36},"end":{"line":19,"column":37}},"loc":{"start":{"line":20,"column":6},"end":{"line":20,"column":51}},"line":20}},"branchMap":{"0":{"loc":{"start":{"line":3,"column":9},"end":{"line":3,"column":33}},"type":"cond-expr","locations":[{"start":{"line":3,"column":17},"end":{"line":3,"column":29}},{"start":{"line":3,"column":32},"end":{"line":3,"column":33}}],"line":3},"1":{"loc":{"start":{"line":20,"column":6},"end":{"line":20,"column":51}},"type":"cond-expr","locations":[{"start":{"line":20,"column":37},"end":{"line":20,"column":41}},{"start":{"line":20,"column":44},"end":{"line":20,"column":51}}],"line":20}},"s":{"0":5,"1":5,"2":4,"3":5,"4":14,"5":4,"6":7,"7":5,"8":14},"f":{"0":5,"1":4,"2":5,"3":14,"4":4,"5":7,"6":5,"7":14},"b":{"0":[3,2],"1":[9,5]},"_coverageSchema":"1a1c01bbd47fc00a2c39e90264f33305004495a9","hash":"457f55aeebac4dfb39914bfc7af4a87967301452"}
}
