TN:
SF:src\utils\analyze-util-services.ts
FN:1,countWords
FN:6,countCharacters
FN:10,countSentences
FN:11,(anonymous_3)
FN:14,countParagraphs
FN:15,(anonymous_5)
FN:18,findLongestWord
FN:19,(anonymous_7)
FNF:8
FNH:8
FNDA:5,countWords
FNDA:4,countCharacters
FNDA:5,countSentences
FNDA:14,(anonymous_3)
FNDA:4,countParagraphs
FNDA:7,(anonymous_5)
FNDA:5,findLongestWord
FNDA:14,(anonymous_7)
DA:2,5
DA:3,5
DA:7,4
DA:11,14
DA:15,7
DA:19,5
DA:20,14
LF:7
LH:7
BRDA:3,0,0,3
BRDA:3,0,1,2
BRDA:20,1,0,9
BRDA:20,1,1,5
BRF:4
BRH:4
end_of_record
